<?xml version="1.0" encoding="UTF-8"?>
<!-- Generated by org.testng.reporters.JUnitXMLReporter -->
<testsuite ignored="0" hostname="DESKTOP-4O0NNAF" failures="0" tests="3" name="Default test" time="25.961" errors="0" timestamp="2023-12-04T04:55:43 EET">
  <testcase classname="labMagento.magentoTestCases" name="CreatAnAcount" time="5.168"/>
  <testcase classname="labMagento.magentoTestCases" name="logOut" time="8.155"/>
  <testcase classname="labMagento.magentoTestCases" name="logIn" time="9.551"/>
</testsuite> <!-- Default test -->
